Analysis & Synthesis report for Simple_CPU
Fri Apr 15 22:17:47 2022
Quartus Prime Version 20.1.0 Build 711 06/05/2020 SJ Lite Edition


---------------------
; Table of Contents ;
---------------------
  1. Legal Notice
  2. Analysis & Synthesis Summary
  3. Analysis & Synthesis Settings
  4. Parallel Compilation
  5. Analysis & Synthesis Source Files Read
  6. Analysis & Synthesis Resource Usage Summary
  7. Analysis & Synthesis Resource Utilization by Entity
  8. Registers Removed During Synthesis
  9. General Register Statistics
 10. Inverted Register Statistics
 11. Multiplexer Restructuring Statistics (Restructuring Performed)
 12. Parameter Settings for User Entity Instance: Top-level Entity: |Simple_CPU
 13. Parameter Settings for User Entity Instance: Control:ctrl
 14. Parameter Settings for User Entity Instance: Mux4:mux
 15. Parameter Settings for User Entity Instance: ALU:alu
 16. Parameter Settings for User Entity Instance: InputPort:PortA
 17. Parameter Settings for User Entity Instance: InputPort:PortB
 18. Parameter Settings for User Entity Instance: OutputPort:out
 19. Parameter Settings for Inferred Entity Instance: OutputPort:out|lpm_divide:Div1
 20. Parameter Settings for Inferred Entity Instance: OutputPort:out|lpm_divide:Mod0
 21. Parameter Settings for Inferred Entity Instance: OutputPort:out|lpm_divide:Mod1
 22. Port Connectivity Checks: "ALU:alu"
 23. Port Connectivity Checks: "Mux4:mux"
 24. Post-Synthesis Netlist Statistics for Top Partition
 25. Elapsed Time Per Partition
 26. Analysis & Synthesis Messages
 27. Analysis & Synthesis Suppressed Messages



----------------
; Legal Notice ;
----------------
Copyright (C) 2020  Intel Corporation. All rights reserved.
Your use of Intel Corporation's design tools, logic functions 
and other software and tools, and any partner logic 
functions, and any output files from any of the foregoing 
(including device programming or simulation files), and any 
associated documentation or information are expressly subject 
to the terms and conditions of the Intel Program License 
Subscription Agreement, the Intel Quartus Prime License Agreement,
the Intel FPGA IP License Agreement, or other applicable license
agreement, including, without limitation, that your use is for
the sole purpose of programming logic devices manufactured by
Intel and sold by Intel or its authorized distributors.  Please
refer to the applicable agreement for further details, at
https://fpgasoftware.intel.com/eula.



+-------------------------------------------------------------------------------+
; Analysis & Synthesis Summary                                                  ;
+---------------------------------+---------------------------------------------+
; Analysis & Synthesis Status     ; Successful - Fri Apr 15 22:17:47 2022       ;
; Quartus Prime Version           ; 20.1.0 Build 711 06/05/2020 SJ Lite Edition ;
; Revision Name                   ; Simple_CPU                                  ;
; Top-level Entity Name           ; Simple_CPU                                  ;
; Family                          ; Cyclone V                                   ;
; Logic utilization (in ALMs)     ; N/A                                         ;
; Total registers                 ; 36                                          ;
; Total pins                      ; 41                                          ;
; Total virtual pins              ; 0                                           ;
; Total block memory bits         ; 0                                           ;
; Total DSP Blocks                ; 0                                           ;
; Total HSSI RX PCSs              ; 0                                           ;
; Total HSSI PMA RX Deserializers ; 0                                           ;
; Total HSSI TX PCSs              ; 0                                           ;
; Total HSSI PMA TX Serializers   ; 0                                           ;
; Total PLLs                      ; 0                                           ;
; Total DLLs                      ; 0                                           ;
+---------------------------------+---------------------------------------------+


+---------------------------------------------------------------------------------------------------------------------------+
; Analysis & Synthesis Settings                                                                                             ;
+---------------------------------------------------------------------------------+--------------------+--------------------+
; Option                                                                          ; Setting            ; Default Value      ;
+---------------------------------------------------------------------------------+--------------------+--------------------+
; Device                                                                          ; 5CSXFC6D6F31C6     ;                    ;
; Top-level entity name                                                           ; Simple_CPU         ; Simple_CPU         ;
; Family name                                                                     ; Cyclone V          ; Cyclone V          ;
; Use smart compilation                                                           ; Off                ; Off                ;
; Enable parallel Assembler and Timing Analyzer during compilation                ; On                 ; On                 ;
; Enable compact report table                                                     ; Off                ; Off                ;
; Restructure Multiplexers                                                        ; Auto               ; Auto               ;
; MLAB Add Timing Constraints For Mixed-Port Feed-Through Mode Setting Don't Care ; Off                ; Off                ;
; Create Debugging Nodes for IP Cores                                             ; Off                ; Off                ;
; Preserve fewer node names                                                       ; On                 ; On                 ;
; Intel FPGA IP Evaluation Mode                                                   ; Enable             ; Enable             ;
; Verilog Version                                                                 ; Verilog_2001       ; Verilog_2001       ;
; VHDL Version                                                                    ; VHDL_1993          ; VHDL_1993          ;
; State Machine Processing                                                        ; Auto               ; Auto               ;
; Safe State Machine                                                              ; Off                ; Off                ;
; Extract Verilog State Machines                                                  ; On                 ; On                 ;
; Extract VHDL State Machines                                                     ; On                 ; On                 ;
; Ignore Verilog initial constructs                                               ; Off                ; Off                ;
; Iteration limit for constant Verilog loops                                      ; 5000               ; 5000               ;
; Iteration limit for non-constant Verilog loops                                  ; 250                ; 250                ;
; Add Pass-Through Logic to Inferred RAMs                                         ; On                 ; On                 ;
; Infer RAMs from Raw Logic                                                       ; On                 ; On                 ;
; Parallel Synthesis                                                              ; On                 ; On                 ;
; DSP Block Balancing                                                             ; Auto               ; Auto               ;
; NOT Gate Push-Back                                                              ; On                 ; On                 ;
; Power-Up Don't Care                                                             ; On                 ; On                 ;
; Remove Redundant Logic Cells                                                    ; Off                ; Off                ;
; Remove Duplicate Registers                                                      ; On                 ; On                 ;
; Ignore CARRY Buffers                                                            ; Off                ; Off                ;
; Ignore CASCADE Buffers                                                          ; Off                ; Off                ;
; Ignore GLOBAL Buffers                                                           ; Off                ; Off                ;
; Ignore ROW GLOBAL Buffers                                                       ; Off                ; Off                ;
; Ignore LCELL Buffers                                                            ; Off                ; Off                ;
; Ignore SOFT Buffers                                                             ; On                 ; On                 ;
; Limit AHDL Integers to 32 Bits                                                  ; Off                ; Off                ;
; Optimization Technique                                                          ; Balanced           ; Balanced           ;
; Carry Chain Length                                                              ; 70                 ; 70                 ;
; Auto Carry Chains                                                               ; On                 ; On                 ;
; Auto Open-Drain Pins                                                            ; On                 ; On                 ;
; Perform WYSIWYG Primitive Resynthesis                                           ; Off                ; Off                ;
; Auto ROM Replacement                                                            ; On                 ; On                 ;
; Auto RAM Replacement                                                            ; On                 ; On                 ;
; Auto DSP Block Replacement                                                      ; On                 ; On                 ;
; Auto Shift Register Replacement                                                 ; Auto               ; Auto               ;
; Allow Shift Register Merging across Hierarchies                                 ; Auto               ; Auto               ;
; Auto Clock Enable Replacement                                                   ; On                 ; On                 ;
; Strict RAM Replacement                                                          ; Off                ; Off                ;
; Allow Synchronous Control Signals                                               ; On                 ; On                 ;
; Force Use of Synchronous Clear Signals                                          ; Off                ; Off                ;
; Auto Resource Sharing                                                           ; Off                ; Off                ;
; Allow Any RAM Size For Recognition                                              ; Off                ; Off                ;
; Allow Any ROM Size For Recognition                                              ; Off                ; Off                ;
; Allow Any Shift Register Size For Recognition                                   ; Off                ; Off                ;
; Use LogicLock Constraints during Resource Balancing                             ; On                 ; On                 ;
; Ignore translate_off and synthesis_off directives                               ; Off                ; Off                ;
; Timing-Driven Synthesis                                                         ; On                 ; On                 ;
; Report Parameter Settings                                                       ; On                 ; On                 ;
; Report Source Assignments                                                       ; On                 ; On                 ;
; Report Connectivity Checks                                                      ; On                 ; On                 ;
; Ignore Maximum Fan-Out Assignments                                              ; Off                ; Off                ;
; Synchronization Register Chain Length                                           ; 3                  ; 3                  ;
; Power Optimization During Synthesis                                             ; Normal compilation ; Normal compilation ;
; HDL message level                                                               ; Level2             ; Level2             ;
; Suppress Register Optimization Related Messages                                 ; Off                ; Off                ;
; Number of Removed Registers Reported in Synthesis Report                        ; 5000               ; 5000               ;
; Number of Swept Nodes Reported in Synthesis Report                              ; 5000               ; 5000               ;
; Number of Inverted Registers Reported in Synthesis Report                       ; 100                ; 100                ;
; Clock MUX Protection                                                            ; On                 ; On                 ;
; Auto Gated Clock Conversion                                                     ; Off                ; Off                ;
; Block Design Naming                                                             ; Auto               ; Auto               ;
; SDC constraint protection                                                       ; Off                ; Off                ;
; Synthesis Effort                                                                ; Auto               ; Auto               ;
; Shift Register Replacement - Allow Asynchronous Clear Signal                    ; On                 ; On                 ;
; Pre-Mapping Resynthesis Optimization                                            ; Off                ; Off                ;
; Analysis & Synthesis Message Level                                              ; Medium             ; Medium             ;
; Disable Register Merging Across Hierarchies                                     ; Auto               ; Auto               ;
; Resource Aware Inference For Block RAM                                          ; On                 ; On                 ;
; Automatic Parallel Synthesis                                                    ; On                 ; On                 ;
; Partial Reconfiguration Bitstream ID                                            ; Off                ; Off                ;
+---------------------------------------------------------------------------------+--------------------+--------------------+


+------------------------------------------+
; Parallel Compilation                     ;
+----------------------------+-------------+
; Processors                 ; Number      ;
+----------------------------+-------------+
; Number detected on machine ; 8           ;
; Maximum allowed            ; 4           ;
;                            ;             ;
; Average used               ; 1.00        ;
; Maximum used               ; 4           ;
;                            ;             ;
; Usage by Processor         ; % Time Used ;
;     Processor 1            ; 100.0%      ;
;     Processors 2-4         ;   0.0%      ;
+----------------------------+-------------+


+---------------------------------------------------------------------------------------------------------------------------------------------------------------------------------+
; Analysis & Synthesis Source Files Read                                                                                                                                          ;
+----------------------------------+-----------------+------------------------------+-----------------------------------------------------------------------------------+---------+
; File Name with User-Entered Path ; Used in Netlist ; File Type                    ; File Name with Absolute Path                                                      ; Library ;
+----------------------------------+-----------------+------------------------------+-----------------------------------------------------------------------------------+---------+
; ../src/OutputPort.sv             ; yes             ; User SystemVerilog HDL File  ; C:/Users/sangt/OneDrive/Project/Job/RMIT/Lab2/CPU/src/OutputPort.sv               ;         ;
; ../src/Mux4.sv                   ; yes             ; User SystemVerilog HDL File  ; C:/Users/sangt/OneDrive/Project/Job/RMIT/Lab2/CPU/src/Mux4.sv                     ;         ;
; ../src/InputPort.sv              ; yes             ; User SystemVerilog HDL File  ; C:/Users/sangt/OneDrive/Project/Job/RMIT/Lab2/CPU/src/InputPort.sv                ;         ;
; ../src/Control.sv                ; yes             ; User SystemVerilog HDL File  ; C:/Users/sangt/OneDrive/Project/Job/RMIT/Lab2/CPU/src/Control.sv                  ;         ;
; ../src/ALU.sv                    ; yes             ; User SystemVerilog HDL File  ; C:/Users/sangt/OneDrive/Project/Job/RMIT/Lab2/CPU/src/ALU.sv                      ;         ;
; ../src/Simple_CPU.sv             ; yes             ; User SystemVerilog HDL File  ; C:/Users/sangt/OneDrive/Project/Job/RMIT/Lab2/CPU/src/Simple_CPU.sv               ;         ;
; lpm_divide.tdf                   ; yes             ; Megafunction                 ; c:/intelfpga_lite/20.1/quartus/libraries/megafunctions/lpm_divide.tdf             ;         ;
; abs_divider.inc                  ; yes             ; Megafunction                 ; c:/intelfpga_lite/20.1/quartus/libraries/megafunctions/abs_divider.inc            ;         ;
; sign_div_unsign.inc              ; yes             ; Megafunction                 ; c:/intelfpga_lite/20.1/quartus/libraries/megafunctions/sign_div_unsign.inc        ;         ;
; aglobal201.inc                   ; yes             ; Megafunction                 ; c:/intelfpga_lite/20.1/quartus/libraries/megafunctions/aglobal201.inc             ;         ;
; db/lpm_divide_5am.tdf            ; yes             ; Auto-Generated Megafunction  ; C:/Users/sangt/OneDrive/Project/Job/RMIT/Lab2/CPU/misc/db/lpm_divide_5am.tdf      ;         ;
; db/sign_div_unsign_bkh.tdf       ; yes             ; Auto-Generated Megafunction  ; C:/Users/sangt/OneDrive/Project/Job/RMIT/Lab2/CPU/misc/db/sign_div_unsign_bkh.tdf ;         ;
; db/alt_u_div_sse.tdf             ; yes             ; Auto-Generated Megafunction  ; C:/Users/sangt/OneDrive/Project/Job/RMIT/Lab2/CPU/misc/db/alt_u_div_sse.tdf       ;         ;
; db/lpm_divide_82m.tdf            ; yes             ; Auto-Generated Megafunction  ; C:/Users/sangt/OneDrive/Project/Job/RMIT/Lab2/CPU/misc/db/lpm_divide_82m.tdf      ;         ;
+----------------------------------+-----------------+------------------------------+-----------------------------------------------------------------------------------+---------+


+-------------------------------------------------------------+
; Analysis & Synthesis Resource Usage Summary                 ;
+---------------------------------------------+---------------+
; Resource                                    ; Usage         ;
+---------------------------------------------+---------------+
; Estimate of Logic utilization (ALMs needed) ; 137           ;
;                                             ;               ;
; Combinational ALUT usage for logic          ; 244           ;
;     -- 7 input functions                    ; 0             ;
;     -- 6 input functions                    ; 28            ;
;     -- 5 input functions                    ; 29            ;
;     -- 4 input functions                    ; 61            ;
;     -- <=3 input functions                  ; 126           ;
;                                             ;               ;
; Dedicated logic registers                   ; 36            ;
;                                             ;               ;
; I/O pins                                    ; 41            ;
;                                             ;               ;
; Total DSP Blocks                            ; 0             ;
;                                             ;               ;
; Maximum fan-out node                        ; Execute~input ;
; Maximum fan-out                             ; 36            ;
; Total fan-out                               ; 1105          ;
; Average fan-out                             ; 3.05          ;
+---------------------------------------------+---------------+


+----------------------------------------------------------------------------------------------------------------------------------------------------------------------------------------------------------------------------------------------------------------------------------------------------------------------+
; Analysis & Synthesis Resource Utilization by Entity                                                                                                                                                                                                                                                                  ;
+-------------------------------------------+---------------------+---------------------------+-------------------+------------+------+--------------+----------------------------------------------------------------------------------------------------------------------------+---------------------+--------------+
; Compilation Hierarchy Node                ; Combinational ALUTs ; Dedicated Logic Registers ; Block Memory Bits ; DSP Blocks ; Pins ; Virtual Pins ; Full Hierarchy Name                                                                                                        ; Entity Name         ; Library Name ;
+-------------------------------------------+---------------------+---------------------------+-------------------+------------+------+--------------+----------------------------------------------------------------------------------------------------------------------------+---------------------+--------------+
; |Simple_CPU                               ; 244 (0)             ; 36 (0)                    ; 0                 ; 0          ; 41   ; 0            ; |Simple_CPU                                                                                                                ; Simple_CPU          ; work         ;
;    |ALU:alu|                              ; 49 (49)             ; 0 (0)                     ; 0                 ; 0          ; 0    ; 0            ; |Simple_CPU|ALU:alu                                                                                                        ; ALU                 ; work         ;
;    |Control:ctrl|                         ; 8 (8)               ; 0 (0)                     ; 0                 ; 0          ; 0    ; 0            ; |Simple_CPU|Control:ctrl                                                                                                   ; Control             ; work         ;
;    |InputPort:PortA|                      ; 0 (0)               ; 8 (8)                     ; 0                 ; 0          ; 0    ; 0            ; |Simple_CPU|InputPort:PortA                                                                                                ; InputPort           ; work         ;
;    |InputPort:PortB|                      ; 0 (0)               ; 8 (8)                     ; 0                 ; 0          ; 0    ; 0            ; |Simple_CPU|InputPort:PortB                                                                                                ; InputPort           ; work         ;
;    |Mux4:mux|                             ; 8 (8)               ; 0 (0)                     ; 0                 ; 0          ; 0    ; 0            ; |Simple_CPU|Mux4:mux                                                                                                       ; Mux4                ; work         ;
;    |OutputPort:out|                       ; 179 (37)            ; 20 (20)                   ; 0                 ; 0          ; 0    ; 0            ; |Simple_CPU|OutputPort:out                                                                                                 ; OutputPort          ; work         ;
;       |lpm_divide:Div1|                   ; 50 (0)              ; 0 (0)                     ; 0                 ; 0          ; 0    ; 0            ; |Simple_CPU|OutputPort:out|lpm_divide:Div1                                                                                 ; lpm_divide          ; work         ;
;          |lpm_divide_5am:auto_generated|  ; 50 (0)              ; 0 (0)                     ; 0                 ; 0          ; 0    ; 0            ; |Simple_CPU|OutputPort:out|lpm_divide:Div1|lpm_divide_5am:auto_generated                                                   ; lpm_divide_5am      ; work         ;
;             |sign_div_unsign_bkh:divider| ; 50 (0)              ; 0 (0)                     ; 0                 ; 0          ; 0    ; 0            ; |Simple_CPU|OutputPort:out|lpm_divide:Div1|lpm_divide_5am:auto_generated|sign_div_unsign_bkh:divider                       ; sign_div_unsign_bkh ; work         ;
;                |alt_u_div_sse:divider|    ; 50 (50)             ; 0 (0)                     ; 0                 ; 0          ; 0    ; 0            ; |Simple_CPU|OutputPort:out|lpm_divide:Div1|lpm_divide_5am:auto_generated|sign_div_unsign_bkh:divider|alt_u_div_sse:divider ; alt_u_div_sse       ; work         ;
;       |lpm_divide:Mod0|                   ; 38 (0)              ; 0 (0)                     ; 0                 ; 0          ; 0    ; 0            ; |Simple_CPU|OutputPort:out|lpm_divide:Mod0                                                                                 ; lpm_divide          ; work         ;
;          |lpm_divide_82m:auto_generated|  ; 38 (0)              ; 0 (0)                     ; 0                 ; 0          ; 0    ; 0            ; |Simple_CPU|OutputPort:out|lpm_divide:Mod0|lpm_divide_82m:auto_generated                                                   ; lpm_divide_82m      ; work         ;
;             |sign_div_unsign_bkh:divider| ; 38 (0)              ; 0 (0)                     ; 0                 ; 0          ; 0    ; 0            ; |Simple_CPU|OutputPort:out|lpm_divide:Mod0|lpm_divide_82m:auto_generated|sign_div_unsign_bkh:divider                       ; sign_div_unsign_bkh ; work         ;
;                |alt_u_div_sse:divider|    ; 38 (38)             ; 0 (0)                     ; 0                 ; 0          ; 0    ; 0            ; |Simple_CPU|OutputPort:out|lpm_divide:Mod0|lpm_divide_82m:auto_generated|sign_div_unsign_bkh:divider|alt_u_div_sse:divider ; alt_u_div_sse       ; work         ;
;       |lpm_divide:Mod1|                   ; 54 (0)              ; 0 (0)                     ; 0                 ; 0          ; 0    ; 0            ; |Simple_CPU|OutputPort:out|lpm_divide:Mod1                                                                                 ; lpm_divide          ; work         ;
;          |lpm_divide_82m:auto_generated|  ; 54 (0)              ; 0 (0)                     ; 0                 ; 0          ; 0    ; 0            ; |Simple_CPU|OutputPort:out|lpm_divide:Mod1|lpm_divide_82m:auto_generated                                                   ; lpm_divide_82m      ; work         ;
;             |sign_div_unsign_bkh:divider| ; 54 (0)              ; 0 (0)                     ; 0                 ; 0          ; 0    ; 0            ; |Simple_CPU|OutputPort:out|lpm_divide:Mod1|lpm_divide_82m:auto_generated|sign_div_unsign_bkh:divider                       ; sign_div_unsign_bkh ; work         ;
;                |alt_u_div_sse:divider|    ; 54 (54)             ; 0 (0)                     ; 0                 ; 0          ; 0    ; 0            ; |Simple_CPU|OutputPort:out|lpm_divide:Mod1|lpm_divide_82m:auto_generated|sign_div_unsign_bkh:divider|alt_u_div_sse:divider ; alt_u_div_sse       ; work         ;
+-------------------------------------------+---------------------+---------------------------+-------------------+------------+------+--------------+----------------------------------------------------------------------------------------------------------------------------+---------------------+--------------+
Note: For table entries with two numbers listed, the numbers in parentheses indicate the number of resources of the given type used by the specific entity alone. The numbers listed outside of parentheses indicate the total resources of the given type used by the specific entity and all of its sub-entities in the hierarchy.


+--------------------------------------------------------------------------------+
; Registers Removed During Synthesis                                             ;
+---------------------------------------+----------------------------------------+
; Register name                         ; Reason for Removal                     ;
+---------------------------------------+----------------------------------------+
; OutputPort:out|TOutputHundreds[5]     ; Stuck at GND due to stuck port data_in ;
; Total Number of Removed Registers = 1 ;                                        ;
+---------------------------------------+----------------------------------------+


+------------------------------------------------------+
; General Register Statistics                          ;
+----------------------------------------------+-------+
; Statistic                                    ; Value ;
+----------------------------------------------+-------+
; Total registers                              ; 36    ;
; Number of registers using Synchronous Clear  ; 0     ;
; Number of registers using Synchronous Load   ; 0     ;
; Number of registers using Asynchronous Clear ; 36    ;
; Number of registers using Asynchronous Load  ; 0     ;
; Number of registers using Clock Enable       ; 36    ;
; Number of registers using Preset             ; 0     ;
+----------------------------------------------+-------+


+--------------------------------------------------+
; Inverted Register Statistics                     ;
+----------------------------------------+---------+
; Inverted Register                      ; Fan out ;
+----------------------------------------+---------+
; OutputPort:out|TOutputHundreds[0]      ; 1       ;
; OutputPort:out|TOutputDozens[0]        ; 1       ;
; OutputPort:out|TOutputUnits[0]         ; 1       ;
; Total number of inverted registers = 3 ;         ;
+----------------------------------------+---------+


+------------------------------------------------------------------------------------------------------------------------------------------+
; Multiplexer Restructuring Statistics (Restructuring Performed)                                                                           ;
+--------------------+-----------+---------------+----------------------+------------------------+------------+----------------------------+
; Multiplexer Inputs ; Bus Width ; Baseline Area ; Area if Restructured ; Saving if Restructured ; Registered ; Example Multiplexer Output ;
+--------------------+-----------+---------------+----------------------+------------------------+------------+----------------------------+
; 9:1                ; 6 bits    ; 36 LEs        ; 36 LEs               ; 0 LEs                  ; No         ; |Simple_CPU|ALU:alu|Mux7   ;
; 3:1                ; 8 bits    ; 16 LEs        ; 16 LEs               ; 0 LEs                  ; No         ; |Simple_CPU|ALU:alu|Add0   ;
; 3:1                ; 8 bits    ; 16 LEs        ; 8 LEs                ; 8 LEs                  ; No         ; |Simple_CPU|ALU:alu|Add0   ;
+--------------------+-----------+---------------+----------------------+------------------------+------------+----------------------------+


+----------------------------------------------------------------------------+
; Parameter Settings for User Entity Instance: Top-level Entity: |Simple_CPU ;
+----------------------+-------+---------------------------------------------+
; Parameter Name       ; Value ; Type                                        ;
+----------------------+-------+---------------------------------------------+
; WIDTH_OPCODE         ; 4     ; Signed Integer                              ;
; WIDTH_CONTROL_SIGNAL ; 10    ; Signed Integer                              ;
; WIDTH_SWITCH_LENGTH  ; 6     ; Signed Integer                              ;
; WIDTH_DATA_LENGTH    ; 8     ; Signed Integer                              ;
; WIDTH_OUTPUT_LENGTH  ; 7     ; Signed Integer                              ;
+----------------------+-------+---------------------------------------------+
Note: In order to hide this table in the UI and the text report file, please set the "Show Parameter Settings in Synthesis Report" option in "Analysis and Synthesis Settings -> More Settings" to "Off".


+-----------------------------------------------------------+
; Parameter Settings for User Entity Instance: Control:ctrl ;
+----------------------+-------+----------------------------+
; Parameter Name       ; Value ; Type                       ;
+----------------------+-------+----------------------------+
; WIDTH_OPCODE         ; 4     ; Signed Integer             ;
; WIDTH_CONTROL_SIGNAL ; 10    ; Signed Integer             ;
+----------------------+-------+----------------------------+
Note: In order to hide this table in the UI and the text report file, please set the "Show Parameter Settings in Synthesis Report" option in "Analysis and Synthesis Settings -> More Settings" to "Off".


+-------------------------------------------------------+
; Parameter Settings for User Entity Instance: Mux4:mux ;
+-------------------+-------+---------------------------+
; Parameter Name    ; Value ; Type                      ;
+-------------------+-------+---------------------------+
; WIDTH_DATA_LENGTH ; 8     ; Signed Integer            ;
+-------------------+-------+---------------------------+
Note: In order to hide this table in the UI and the text report file, please set the "Show Parameter Settings in Synthesis Report" option in "Analysis and Synthesis Settings -> More Settings" to "Off".


+------------------------------------------------------+
; Parameter Settings for User Entity Instance: ALU:alu ;
+---------------------+-------+------------------------+
; Parameter Name      ; Value ; Type                   ;
+---------------------+-------+------------------------+
; WIDTH_DATA_LENGTH   ; 8     ; Signed Integer         ;
; WIDTH_ALUSEL_LENGTH ; 4     ; Signed Integer         ;
+---------------------+-------+------------------------+
Note: In order to hide this table in the UI and the text report file, please set the "Show Parameter Settings in Synthesis Report" option in "Analysis and Synthesis Settings -> More Settings" to "Off".


+--------------------------------------------------------------+
; Parameter Settings for User Entity Instance: InputPort:PortA ;
+-------------------+-------+----------------------------------+
; Parameter Name    ; Value ; Type                             ;
+-------------------+-------+----------------------------------+
; WIDTH_DATA_LENGTH ; 8     ; Signed Integer                   ;
+-------------------+-------+----------------------------------+
Note: In order to hide this table in the UI and the text report file, please set the "Show Parameter Settings in Synthesis Report" option in "Analysis and Synthesis Settings -> More Settings" to "Off".


+--------------------------------------------------------------+
; Parameter Settings for User Entity Instance: InputPort:PortB ;
+-------------------+-------+----------------------------------+
; Parameter Name    ; Value ; Type                             ;
+-------------------+-------+----------------------------------+
; WIDTH_DATA_LENGTH ; 8     ; Signed Integer                   ;
+-------------------+-------+----------------------------------+
Note: In order to hide this table in the UI and the text report file, please set the "Show Parameter Settings in Synthesis Report" option in "Analysis and Synthesis Settings -> More Settings" to "Off".


+-------------------------------------------------------------+
; Parameter Settings for User Entity Instance: OutputPort:out ;
+---------------------+-------+-------------------------------+
; Parameter Name      ; Value ; Type                          ;
+---------------------+-------+-------------------------------+
; WIDTH_DATA_LENGTH   ; 8     ; Signed Integer                ;
; WIDTH_OUTPUT_LENGTH ; 7     ; Signed Integer                ;
+---------------------+-------+-------------------------------+
Note: In order to hide this table in the UI and the text report file, please set the "Show Parameter Settings in Synthesis Report" option in "Analysis and Synthesis Settings -> More Settings" to "Off".


+---------------------------------------------------------------------------------+
; Parameter Settings for Inferred Entity Instance: OutputPort:out|lpm_divide:Div1 ;
+------------------------+----------------+---------------------------------------+
; Parameter Name         ; Value          ; Type                                  ;
+------------------------+----------------+---------------------------------------+
; LPM_WIDTHN             ; 8              ; Untyped                               ;
; LPM_WIDTHD             ; 4              ; Untyped                               ;
; LPM_NREPRESENTATION    ; UNSIGNED       ; Untyped                               ;
; LPM_DREPRESENTATION    ; UNSIGNED       ; Untyped                               ;
; LPM_PIPELINE           ; 0              ; Untyped                               ;
; LPM_REMAINDERPOSITIVE  ; TRUE           ; Untyped                               ;
; MAXIMIZE_SPEED         ; 5              ; Untyped                               ;
; CBXI_PARAMETER         ; lpm_divide_5am ; Untyped                               ;
; CARRY_CHAIN            ; MANUAL         ; Untyped                               ;
; OPTIMIZE_FOR_SPEED     ; 5              ; Untyped                               ;
; AUTO_CARRY_CHAINS      ; ON             ; AUTO_CARRY                            ;
; IGNORE_CARRY_BUFFERS   ; OFF            ; IGNORE_CARRY                          ;
; AUTO_CASCADE_CHAINS    ; ON             ; AUTO_CASCADE                          ;
; IGNORE_CASCADE_BUFFERS ; OFF            ; IGNORE_CASCADE                        ;
+------------------------+----------------+---------------------------------------+
Note: In order to hide this table in the UI and the text report file, please set the "Show Parameter Settings in Synthesis Report" option in "Analysis and Synthesis Settings -> More Settings" to "Off".


+---------------------------------------------------------------------------------+
; Parameter Settings for Inferred Entity Instance: OutputPort:out|lpm_divide:Mod0 ;
+------------------------+----------------+---------------------------------------+
; Parameter Name         ; Value          ; Type                                  ;
+------------------------+----------------+---------------------------------------+
; LPM_WIDTHN             ; 8              ; Untyped                               ;
; LPM_WIDTHD             ; 4              ; Untyped                               ;
; LPM_NREPRESENTATION    ; UNSIGNED       ; Untyped                               ;
; LPM_DREPRESENTATION    ; UNSIGNED       ; Untyped                               ;
; LPM_PIPELINE           ; 0              ; Untyped                               ;
; LPM_REMAINDERPOSITIVE  ; TRUE           ; Untyped                               ;
; MAXIMIZE_SPEED         ; 5              ; Untyped                               ;
; CBXI_PARAMETER         ; lpm_divide_82m ; Untyped                               ;
; CARRY_CHAIN            ; MANUAL         ; Untyped                               ;
; OPTIMIZE_FOR_SPEED     ; 5              ; Untyped                               ;
; AUTO_CARRY_CHAINS      ; ON             ; AUTO_CARRY                            ;
; IGNORE_CARRY_BUFFERS   ; OFF            ; IGNORE_CARRY                          ;
; AUTO_CASCADE_CHAINS    ; ON             ; AUTO_CASCADE                          ;
; IGNORE_CASCADE_BUFFERS ; OFF            ; IGNORE_CASCADE                        ;
+------------------------+----------------+---------------------------------------+
Note: In order to hide this table in the UI and the text report file, please set the "Show Parameter Settings in Synthesis Report" option in "Analysis and Synthesis Settings -> More Settings" to "Off".


+---------------------------------------------------------------------------------+
; Parameter Settings for Inferred Entity Instance: OutputPort:out|lpm_divide:Mod1 ;
+------------------------+----------------+---------------------------------------+
; Parameter Name         ; Value          ; Type                                  ;
+------------------------+----------------+---------------------------------------+
; LPM_WIDTHN             ; 8              ; Untyped                               ;
; LPM_WIDTHD             ; 4              ; Untyped                               ;
; LPM_NREPRESENTATION    ; UNSIGNED       ; Untyped                               ;
; LPM_DREPRESENTATION    ; UNSIGNED       ; Untyped                               ;
; LPM_PIPELINE           ; 0              ; Untyped                               ;
; LPM_REMAINDERPOSITIVE  ; TRUE           ; Untyped                               ;
; MAXIMIZE_SPEED         ; 5              ; Untyped                               ;
; CBXI_PARAMETER         ; lpm_divide_82m ; Untyped                               ;
; CARRY_CHAIN            ; MANUAL         ; Untyped                               ;
; OPTIMIZE_FOR_SPEED     ; 5              ; Untyped                               ;
; AUTO_CARRY_CHAINS      ; ON             ; AUTO_CARRY                            ;
; IGNORE_CARRY_BUFFERS   ; OFF            ; IGNORE_CARRY                          ;
; AUTO_CASCADE_CHAINS    ; ON             ; AUTO_CASCADE                          ;
; IGNORE_CASCADE_BUFFERS ; OFF            ; IGNORE_CASCADE                        ;
+------------------------+----------------+---------------------------------------+
Note: In order to hide this table in the UI and the text report file, please set the "Show Parameter Settings in Synthesis Report" option in "Analysis and Synthesis Settings -> More Settings" to "Off".


+----------------------------------------------------------------------------------------------------------------+
; Port Connectivity Checks: "ALU:alu"                                                                            ;
+------+--------+----------+-------------------------------------------------------------------------------------+
; Port ; Type   ; Severity ; Details                                                                             ;
+------+--------+----------+-------------------------------------------------------------------------------------+
; CF   ; Output ; Info     ; Connected to dangling logic. Logic that only feeds a dangling port will be removed. ;
; ZF   ; Output ; Info     ; Connected to dangling logic. Logic that only feeds a dangling port will be removed. ;
+------+--------+----------+-------------------------------------------------------------------------------------+


+---------------------------------------------------+
; Port Connectivity Checks: "Mux4:mux"              ;
+-----------------+-------+----------+--------------+
; Port            ; Type  ; Severity ; Details      ;
+-----------------+-------+----------+--------------+
; port_in_1       ; Input ; Info     ; Stuck at GND ;
; port_in_2       ; Input ; Info     ; Stuck at GND ;
; port_in_3[7..6] ; Input ; Info     ; Stuck at GND ;
+-----------------+-------+----------+--------------+


+-----------------------------------------------------+
; Post-Synthesis Netlist Statistics for Top Partition ;
+-----------------------+-----------------------------+
; Type                  ; Count                       ;
+-----------------------+-----------------------------+
; arriav_ff             ; 36                          ;
;     ENA CLR           ; 36                          ;
; arriav_lcell_comb     ; 248                         ;
;     arith             ; 98                          ;
;         0 data inputs ; 26                          ;
;         1 data inputs ; 3                           ;
;         2 data inputs ; 7                           ;
;         3 data inputs ; 29                          ;
;         4 data inputs ; 28                          ;
;         5 data inputs ; 5                           ;
;     normal            ; 145                         ;
;         0 data inputs ; 1                           ;
;         1 data inputs ; 3                           ;
;         2 data inputs ; 27                          ;
;         3 data inputs ; 29                          ;
;         4 data inputs ; 33                          ;
;         5 data inputs ; 24                          ;
;         6 data inputs ; 28                          ;
;     shared            ; 5                           ;
;         0 data inputs ; 3                           ;
;         1 data inputs ; 2                           ;
; boundary_port         ; 41                          ;
;                       ;                             ;
; Max LUT depth         ; 15.60                       ;
; Average LUT depth     ; 12.23                       ;
+-----------------------+-----------------------------+


+-------------------------------+
; Elapsed Time Per Partition    ;
+----------------+--------------+
; Partition Name ; Elapsed Time ;
+----------------+--------------+
; Top            ; 00:00:00     ;
+----------------+--------------+


+-------------------------------+
; Analysis & Synthesis Messages ;
+-------------------------------+
Info: *******************************************************************
Info: Running Quartus Prime Analysis & Synthesis
    Info: Version 20.1.0 Build 711 06/05/2020 SJ Lite Edition
    Info: Processing started: Fri Apr 15 22:17:37 2022
Info: Command: quartus_map --read_settings_files=on --write_settings_files=off Simple_CPU -c Simple_CPU
Warning (18236): Number of processors has not been specified which may cause overloading on shared machines.  Set the global assignment NUM_PARALLEL_PROCESSORS in your QSF to an appropriate value for best performance.
Info (20030): Parallel compilation is enabled and will use 4 of the 4 processors detected
Info (12021): Found 1 design units, including 1 entities, in source file /users/sangt/onedrive/project/job/rmit/lab2/cpu/src/outputport.sv
    Info (12023): Found entity 1: OutputPort File: C:/Users/sangt/OneDrive/Project/Job/RMIT/Lab2/CPU/src/OutputPort.sv Line: 1
Info (12021): Found 1 design units, including 1 entities, in source file /users/sangt/onedrive/project/job/rmit/lab2/cpu/src/mux4.sv
    Info (12023): Found entity 1: Mux4 File: C:/Users/sangt/OneDrive/Project/Job/RMIT/Lab2/CPU/src/Mux4.sv Line: 1
Info (12021): Found 1 design units, including 1 entities, in source file /users/sangt/onedrive/project/job/rmit/lab2/cpu/src/inputport.sv
    Info (12023): Found entity 1: InputPort File: C:/Users/sangt/OneDrive/Project/Job/RMIT/Lab2/CPU/src/InputPort.sv Line: 1
Info (12021): Found 1 design units, including 1 entities, in source file /users/sangt/onedrive/project/job/rmit/lab2/cpu/src/control.sv
    Info (12023): Found entity 1: Control File: C:/Users/sangt/OneDrive/Project/Job/RMIT/Lab2/CPU/src/Control.sv Line: 1
Info (12021): Found 1 design units, including 1 entities, in source file /users/sangt/onedrive/project/job/rmit/lab2/cpu/src/alu.sv
    Info (12023): Found entity 1: ALU File: C:/Users/sangt/OneDrive/Project/Job/RMIT/Lab2/CPU/src/ALU.sv Line: 2
Warning (10238): Verilog Module Declaration warning at Simple_CPU.sv(10): ignored anonymous port(s) indicated by duplicate or dangling comma(s) in the port list for module "Simple_CPU" File: C:/Users/sangt/OneDrive/Project/Job/RMIT/Lab2/CPU/src/Simple_CPU.sv Line: 10
Info (12021): Found 1 design units, including 1 entities, in source file /users/sangt/onedrive/project/job/rmit/lab2/cpu/src/simple_cpu.sv
    Info (12023): Found entity 1: Simple_CPU File: C:/Users/sangt/OneDrive/Project/Job/RMIT/Lab2/CPU/src/Simple_CPU.sv Line: 1
Info (12127): Elaborating entity "Simple_CPU" for the top level hierarchy
Info (12128): Elaborating entity "Control" for hierarchy "Control:ctrl" File: C:/Users/sangt/OneDrive/Project/Job/RMIT/Lab2/CPU/src/Simple_CPU.sv Line: 51
Info (12128): Elaborating entity "Mux4" for hierarchy "Mux4:mux" File: C:/Users/sangt/OneDrive/Project/Job/RMIT/Lab2/CPU/src/Simple_CPU.sv Line: 58
Info (12128): Elaborating entity "ALU" for hierarchy "ALU:alu" File: C:/Users/sangt/OneDrive/Project/Job/RMIT/Lab2/CPU/src/Simple_CPU.sv Line: 66
Warning (10240): Verilog HDL Always Construct warning at ALU.sv(40): inferring latch(es) for variable "CF", which holds its previous value in one or more paths through the always construct File: C:/Users/sangt/OneDrive/Project/Job/RMIT/Lab2/CPU/src/ALU.sv Line: 40
Warning (10240): Verilog HDL Always Construct warning at ALU.sv(40): inferring latch(es) for variable "ZF", which holds its previous value in one or more paths through the always construct File: C:/Users/sangt/OneDrive/Project/Job/RMIT/Lab2/CPU/src/ALU.sv Line: 40
Info (10041): Inferred latch for "ZF" at ALU.sv(40) File: C:/Users/sangt/OneDrive/Project/Job/RMIT/Lab2/CPU/src/ALU.sv Line: 40
Info (10041): Inferred latch for "CF" at ALU.sv(40) File: C:/Users/sangt/OneDrive/Project/Job/RMIT/Lab2/CPU/src/ALU.sv Line: 40
Info (12128): Elaborating entity "InputPort" for hierarchy "InputPort:PortA" File: C:/Users/sangt/OneDrive/Project/Job/RMIT/Lab2/CPU/src/Simple_CPU.sv Line: 72
Info (12128): Elaborating entity "OutputPort" for hierarchy "OutputPort:out" File: C:/Users/sangt/OneDrive/Project/Job/RMIT/Lab2/CPU/src/Simple_CPU.sv Line: 86
Warning (10230): Verilog HDL assignment warning at OutputPort.sv(36): truncated value with size 32 to match size of target (8) File: C:/Users/sangt/OneDrive/Project/Job/RMIT/Lab2/CPU/src/OutputPort.sv Line: 36
Warning (10230): Verilog HDL assignment warning at OutputPort.sv(37): truncated value with size 32 to match size of target (8) File: C:/Users/sangt/OneDrive/Project/Job/RMIT/Lab2/CPU/src/OutputPort.sv Line: 37
Warning (10230): Verilog HDL assignment warning at OutputPort.sv(38): truncated value with size 32 to match size of target (8) File: C:/Users/sangt/OneDrive/Project/Job/RMIT/Lab2/CPU/src/OutputPort.sv Line: 38
Info (278001): Inferred 3 megafunctions from design logic
    Info (278004): Inferred divider/modulo megafunction ("lpm_divide") from the following logic: "OutputPort:out|Div1" File: C:/Users/sangt/OneDrive/Project/Job/RMIT/Lab2/CPU/src/OutputPort.sv Line: 37
    Info (278004): Inferred divider/modulo megafunction ("lpm_divide") from the following logic: "OutputPort:out|Mod0" File: C:/Users/sangt/OneDrive/Project/Job/RMIT/Lab2/CPU/src/OutputPort.sv Line: 37
    Info (278004): Inferred divider/modulo megafunction ("lpm_divide") from the following logic: "OutputPort:out|Mod1" File: C:/Users/sangt/OneDrive/Project/Job/RMIT/Lab2/CPU/src/OutputPort.sv Line: 38
Info (12130): Elaborated megafunction instantiation "OutputPort:out|lpm_divide:Div1" File: C:/Users/sangt/OneDrive/Project/Job/RMIT/Lab2/CPU/src/OutputPort.sv Line: 37
Info (12133): Instantiated megafunction "OutputPort:out|lpm_divide:Div1" with the following parameter: File: C:/Users/sangt/OneDrive/Project/Job/RMIT/Lab2/CPU/src/OutputPort.sv Line: 37
    Info (12134): Parameter "LPM_WIDTHN" = "8"
    Info (12134): Parameter "LPM_WIDTHD" = "4"
    Info (12134): Parameter "LPM_NREPRESENTATION" = "UNSIGNED"
    Info (12134): Parameter "LPM_DREPRESENTATION" = "UNSIGNED"
Info (12021): Found 1 design units, including 1 entities, in source file db/lpm_divide_5am.tdf
    Info (12023): Found entity 1: lpm_divide_5am File: C:/Users/sangt/OneDrive/Project/Job/RMIT/Lab2/CPU/misc/db/lpm_divide_5am.tdf Line: 25
Info (12021): Found 1 design units, including 1 entities, in source file db/sign_div_unsign_bkh.tdf
    Info (12023): Found entity 1: sign_div_unsign_bkh File: C:/Users/sangt/OneDrive/Project/Job/RMIT/Lab2/CPU/misc/db/sign_div_unsign_bkh.tdf Line: 25
Info (12021): Found 1 design units, including 1 entities, in source file db/alt_u_div_sse.tdf
    Info (12023): Found entity 1: alt_u_div_sse File: C:/Users/sangt/OneDrive/Project/Job/RMIT/Lab2/CPU/misc/db/alt_u_div_sse.tdf Line: 23
Info (12130): Elaborated megafunction instantiation "OutputPort:out|lpm_divide:Mod0" File: C:/Users/sangt/OneDrive/Project/Job/RMIT/Lab2/CPU/src/OutputPort.sv Line: 37
Info (12133): Instantiated megafunction "OutputPort:out|lpm_divide:Mod0" with the following parameter: File: C:/Users/sangt/OneDrive/Project/Job/RMIT/Lab2/CPU/src/OutputPort.sv Line: 37
    Info (12134): Parameter "LPM_WIDTHN" = "8"
    Info (12134): Parameter "LPM_WIDTHD" = "4"
    Info (12134): Parameter "LPM_NREPRESENTATION" = "UNSIGNED"
    Info (12134): Parameter "LPM_DREPRESENTATION" = "UNSIGNED"
Info (12021): Found 1 design units, including 1 entities, in source file db/lpm_divide_82m.tdf
    Info (12023): Found entity 1: lpm_divide_82m File: C:/Users/sangt/OneDrive/Project/Job/RMIT/Lab2/CPU/misc/db/lpm_divide_82m.tdf Line: 25
Warning (13024): Output pins are stuck at VCC or GND
    Warning (13410): Pin "OutputHundreds[5]" is stuck at GND File: C:/Users/sangt/OneDrive/Project/Job/RMIT/Lab2/CPU/src/Simple_CPU.sv Line: 25
Info (286030): Timing-Driven Synthesis is running
Info (144001): Generated suppressed messages file C:/Users/sangt/OneDrive/Project/Job/RMIT/Lab2/CPU/misc/output_files/Simple_CPU.map.smsg
Info (16010): Generating hard_block partition "hard_block:auto_generated_inst"
    Info (16011): Adding 0 node(s), including 0 DDIO, 0 PLL, 0 transceiver and 0 LCELL
Info (21057): Implemented 306 device resources after synthesis - the final resource count might be different
    Info (21058): Implemented 12 input pins
    Info (21059): Implemented 29 output pins
    Info (21061): Implemented 265 logic cells
Info: Quartus Prime Analysis & Synthesis was successful. 0 errors, 9 warnings
    Info: Peak virtual memory: 4835 megabytes
    Info: Processing ended: Fri Apr 15 22:17:47 2022
    Info: Elapsed time: 00:00:10
    Info: Total CPU time (on all processors): 00:00:23


+------------------------------------------+
; Analysis & Synthesis Suppressed Messages ;
+------------------------------------------+
The suppressed messages can be found in C:/Users/sangt/OneDrive/Project/Job/RMIT/Lab2/CPU/misc/output_files/Simple_CPU.map.smsg.


